<?xml version="1.0" encoding="UTF-8"?>
<!-- Generated by org.testng.reporters.JUnitReportReporter -->
<testsuite hostname="TYSS-4F-051" name="script.healthinfoentry" tests="1" failures="0" timestamp="26 Oct 2017 07:05:34 GMT" time="44.757" errors="0">
  <testcase name="verifypolicyhomepage" time="44.757" classname="script.healthinfoentry"/>
</testsuite> <!-- script.healthinfoentry -->
