<?xml version="1.0" encoding="UTF-8"?>
<!-- Generated by org.testng.reporters.JUnitReportReporter -->
<testsuite name="tests.VerifySignInTest" tests="1" time="6.048" ignored="0" failures="0" timestamp="27 Feb 2017 11:15:54 GMT" skipped="0" hostname="CBT-CAB3-05" errors="0">
  <testcase name="VerifySignInPage" time="6.048" classname="tests.VerifySignInTest"/>
</testsuite> <!-- tests.VerifySignInTest -->
