<?xml version="1.0" encoding="UTF-8"?>
<!-- Generated by org.testng.reporters.JUnitReportReporter -->
<testsuite name="tests.VerifySignInTest" tests="1" time="6.037" ignored="0" failures="0" timestamp="28 Feb 2017 09:33:55 GMT" skipped="0" hostname="CBT-CAB3-05" errors="0">
  <testcase name="VerifySignInPage" time="6.037" classname="tests.VerifySignInTest"/>
</testsuite> <!-- tests.VerifySignInTest -->
